# JRE version: OpenJDK Runtime Environment (10.0.2+13) (build 10.0.2+13-Ubuntu-1ubuntu0.18.04.3)
# Java VM: OpenJDK 64-Bit Server VM (10.0.2+13-Ubuntu-1ubuntu0.18.04.3, mixed mode, tiered, compressed oops, g1 gc, linux-amd64)
Heap:
 garbage-first heap   total 233472K, used 50555K [0x0000000085200000, 0x0000000100000000)
  region size 1024K, 17 young (17408K), 8 survivors (8192K)
 Metaspace       used 74767K, capacity 76318K, committed 76672K, reserved 1116160K
  class space    used 8728K, capacity 9294K, committed 9344K, reserved 1048576K
GC Heap History (10 events):
Event: 8,958 GC heap before
{Heap before GC invocations=10 (full 0):
 garbage-first heap   total 153600K, used 103607K [0x0000000085200000, 0x0000000100000000)
  region size 1024K, 90 young (92160K), 12 survivors (12288K)
 Metaspace       used 54491K, capacity 55571K, committed 55936K, reserved 1097728K
  class space    used 6309K, capacity 6712K, committed 6784K, reserved 1048576K
}
Event: 8,985 GC heap after
{Heap after GC invocations=11 (full 0):
 garbage-first heap   total 194560K, used 28780K [0x0000000085200000, 0x0000000100000000)
  region size 1024K, 5 young (5120K), 5 survivors (5120K)
 Metaspace       used 54491K, capacity 55571K, committed 55936K, reserved 1097728K
  class space    used 6309K, capacity 6712K, committed 6784K, reserved 1048576K
}
Event: 9,544 GC heap before
{Heap before GC invocations=11 (full 0):
 garbage-first heap   total 194560K, used 54380K [0x0000000085200000, 0x0000000100000000)
  region size 1024K, 31 young (31744K), 5 survivors (5120K)
 Metaspace       used 58936K, capacity 60036K, committed 60288K, reserved 1101824K
  class space    used 6836K, capacity 7257K, committed 7296K, reserved 1048576K
}
Event: 9,565 GC heap after
{Heap after GC invocations=12 (full 0):
 garbage-first heap   total 194560K, used 29116K [0x0000000085200000, 0x0000000100000000)
  region size 1024K, 6 young (6144K), 6 survivors (6144K)
 Metaspace       used 58936K, capacity 60036K, committed 60288K, reserved 1101824K
  class space    used 6836K, capacity 7257K, committed 7296K, reserved 1048576K
}
Event: 11,098 GC heap before
{Heap before GC invocations=13 (full 0):
 garbage-first heap   total 194560K, used 129468K [0x0000000085200000, 0x0000000100000000)
  region size 1024K, 104 young (106496K), 6 survivors (6144K)
 Metaspace       used 62513K, capacity 63818K, committed 64128K, reserved 1105920K
  class space    used 7255K, capacity 7740K, committed 7808K, reserved 1048576K
}
Event: 11,122 GC heap after
{Heap after GC invocations=14 (full 0):
 garbage-first heap   total 194560K, used 35445K [0x0000000085200000, 0x0000000100000000)
  region size 1024K, 12 young (12288K), 12 survivors (12288K)
 Metaspace       used 62513K, capacity 63818K, committed 64128K, reserved 1105920K
  class space    used 7255K, capacity 7740K, committed 7808K, reserved 1048576K
}
Event: 12,039 GC heap before
{Heap before GC invocations=14 (full 0):
 garbage-first heap   total 194560K, used 139893K [0x0000000085200000, 0x0000000100000000)
  region size 1024K, 114 young (116736K), 12 survivors (12288K)
 Metaspace       used 66253K, capacity 67673K, committed 67968K, reserved 1110016K
  class space    used 7764K, capacity 8295K, committed 8320K, reserved 1048576K
}
Event: 12,087 GC heap after
{Heap after GC invocations=15 (full 0):
 garbage-first heap   total 194560K, used 41083K [0x0000000085200000, 0x0000000100000000)
  region size 1024K, 12 young (12288K), 12 survivors (12288K)
 Metaspace       used 66253K, capacity 67673K, committed 67968K, reserved 1110016K
  class space    used 7764K, capacity 8295K, committed 8320K, reserved 1048576K
}
Event: 14,776 GC heap before
{Heap before GC invocations=15 (full 0):
 garbage-first heap   total 194560K, used 145531K [0x0000000085200000, 0x0000000100000000)
  region size 1024K, 114 young (116736K), 12 survivors (12288K)
 Metaspace       used 73276K, capacity 74818K, committed 75264K, reserved 1116160K
  class space    used 8545K, capacity 9091K, committed 9216K, reserved 1048576K
}
Event: 14,814 GC heap after
{Heap after GC invocations=16 (full 0):
 garbage-first heap   total 233472K, used 42363K [0x0000000085200000, 0x0000000100000000)
  region size 1024K, 8 young (8192K), 8 survivors (8192K)
 Metaspace       used 73276K, capacity 74818K, committed 75264K, reserved 1116160K
  class space    used 8545K, capacity 9091K, committed 9216K, reserved 1048576K
}

